<?xml version="1.0" encoding="utf-8"?><testsuites name="pytest tests"><testsuite name="pytest" errors="0" failures="2" skipped="0" tests="16" time="3.106" timestamp="2026-01-15T17:19:19.469590+00:00" hostname="agent-env-427d974a-62b9-4104-929f-c2b6799c9311"><testcase classname="tests.test_admin_crud.TestAuth" name="test_login_success" time="0.107" /><testcase classname="tests.test_admin_crud.TestAuth" name="test_login_invalid_credentials" time="0.069" /><testcase classname="tests.test_admin_crud.TestSettings" name="test_get_settings" time="0.120" /><testcase classname="tests.test_admin_crud.TestSettings" name="test_update_settings" time="0.298" /><testcase classname="tests.test_admin_crud.TestServices" name="test_list_services" time="0.134" /><testcase classname="tests.test_admin_crud.TestServices" name="test_create_service" time="0.195" /><testcase classname="tests.test_admin_crud.TestServices" name="test_update_service" time="0.234" /><testcase classname="tests.test_admin_crud.TestTeamMembers" name="test_list_team_members" time="0.126" /><testcase classname="tests.test_admin_crud.TestTeamMembers" name="test_create_team_member" time="0.200" /><testcase classname="tests.test_admin_crud.TestTeamMembers" name="test_update_team_member" time="0.247" /><testcase classname="tests.test_admin_crud.TestGallery" name="test_list_gallery_albums" time="0.121" /><testcase classname="tests.test_admin_crud.TestGallery" name="test_list_gallery_albums_backward_compat" time="0.055"><failure message="AssertionError: Failed: {&quot;detail&quot;:&quot;Albüm bulunamadı&quot;}&#10;assert 404 == 200&#10; +  where 404 = &lt;Response [404]&gt;.status_code">tests/test_admin_crud.py:314: in test_list_gallery_albums_backward_compat
    assert response.status_code == 200, f"Failed: {response.text}"
E   AssertionError: Failed: {"detail":"Albüm bulunamadı"}
E   assert 404 == 200
E    +  where 404 = &lt;Response [404]&gt;.status_code</failure></testcase><testcase classname="tests.test_admin_crud.TestGallery" name="test_create_album" time="0.230" /><testcase classname="tests.test_admin_crud.TestGallery" name="test_update_album" time="0.236" /><testcase classname="tests.test_admin_crud.TestRoles" name="test_get_roles_permissions" time="0.122" /><testcase classname="tests.test_admin_crud.TestEndToEndCRUD" name="test_full_service_crud_flow" time="0.461"><failure message="assert 200 == 404&#10; +  where 200 = &lt;Response [200]&gt;.status_code">tests/test_admin_crud.py:458: in test_full_service_crud_flow
    assert verify_delete.status_code == 404
E   assert 200 == 404
E    +  where 200 = &lt;Response [200]&gt;.status_code</failure></testcase></testsuite></testsuites>