<?xml version="1.0" encoding="utf-8"?><testsuites name="pytest tests"><testsuite name="pytest" errors="0" failures="0" skipped="0" tests="29" time="0.329" timestamp="2026-07-21T18:49:20.558818+00:00" hostname="agent-env-f809b1b7-ade2-4cb5-ae73-124e887e4848"><testcase classname="backend.tests.backend_test" name="test_public_page_loads[/]" time="0.015" /><testcase classname="backend.tests.backend_test" name="test_public_page_loads[/hakkimizda]" time="0.006" /><testcase classname="backend.tests.backend_test" name="test_public_page_loads[/hizmetler]" time="0.005" /><testcase classname="backend.tests.backend_test" name="test_public_page_loads[/ekibimiz]" time="0.006" /><testcase classname="backend.tests.backend_test" name="test_public_page_loads[/galeri]" time="0.005" /><testcase classname="backend.tests.backend_test" name="test_public_page_loads[/iletisim]" time="0.005" /><testcase classname="backend.tests.backend_test" name="test_public_page_loads[/randevu]" time="0.006" /><testcase classname="backend.tests.backend_test" name="test_public_page_loads[/saglik-rehberi]" time="0.003" /><testcase classname="backend.tests.backend_test" name="test_public_page_loads[/geri-bildirim]" time="0.002" /><testcase classname="backend.tests.backend_test" name="test_security_headers" time="0.007" /><testcase classname="backend.tests.backend_test" name="test_sitemap_xml" time="0.009" /><testcase classname="backend.tests.backend_test" name="test_robots_txt" time="0.002" /><testcase classname="backend.tests.backend_test" name="test_404_page" time="0.017" /><testcase classname="backend.tests.backend_test" name="test_public_services" time="0.004" /><testcase classname="backend.tests.backend_test" name="test_public_team" time="0.003" /><testcase classname="backend.tests.backend_test" name="test_public_blog" time="0.004" /><testcase classname="backend.tests.backend_test" name="test_clinic_rhythm_today" time="0.005" /><testcase classname="backend.tests.backend_test" name="test_public_slides" time="0.017" /><testcase classname="backend.tests.backend_test" name="test_contact_form_submit" time="0.017" /><testcase classname="backend.tests.backend_test" name="test_appointment_submit" time="0.002" /><testcase classname="backend.tests.backend_test" name="test_admin_login_success" time="0.008" /><testcase classname="backend.tests.backend_test" name="test_admin_services_requires_auth" time="0.003" /><testcase classname="backend.tests.backend_test" name="test_admin_services_crud_and_cache" time="0.097" /><testcase classname="backend.tests.backend_test" name="test_admin_pages_load[/admin/services]" time="0.004" /><testcase classname="backend.tests.backend_test" name="test_admin_pages_load[/admin/settings]" time="0.002" /><testcase classname="backend.tests.backend_test" name="test_admin_pages_load[/admin/slider]" time="0.003" /><testcase classname="backend.tests.backend_test" name="test_admin_pages_load[/admin/team]" time="0.002" /><testcase classname="backend.tests.backend_test" name="test_admin_pages_load[/admin/gallery]" time="0.002" /><testcase classname="backend.tests.backend_test" name="test_admin_pages_load[/admin/clinic-rhythm]" time="0.002" /></testsuite></testsuites>