<?xml version="1.0" encoding="utf-8"?><testsuites name="pytest tests"><testsuite name="pytest" errors="0" failures="0" skipped="0" tests="28" time="2.297" timestamp="2026-07-21T20:12:26.979468+00:00" hostname="agent-env-f809b1b7-ade2-4cb5-ae73-124e887e4848"><testcase classname="backend.tests.test_admin_refactor" name="test_login_all_roles[admin]" time="0.010" /><testcase classname="backend.tests.test_admin_refactor" name="test_login_all_roles[manager]" time="0.319" /><testcase classname="backend.tests.test_admin_refactor" name="test_login_all_roles[reception]" time="0.311" /><testcase classname="backend.tests.test_admin_refactor" name="test_login_all_roles[editor]" time="0.302" /><testcase classname="backend.tests.test_admin_refactor" name="test_editor_forbidden_on_crm_appointments" time="0.006" /><testcase classname="backend.tests.test_admin_refactor" name="test_manager_can_access_crm_appointments" time="0.008" /><testcase classname="backend.tests.test_admin_refactor" name="test_manager_can_access_contact_messages" time="0.010" /><testcase classname="backend.tests.test_admin_refactor" name="test_reception_can_access_crm" time="0.005" /><testcase classname="backend.tests.test_admin_refactor" name="test_editor_forbidden_on_contact_messages" time="0.003" /><testcase classname="backend.tests.test_admin_refactor" name="test_public_settings_phone_whatsapp" time="0.003" /><testcase classname="backend.tests.test_admin_refactor" name="test_public_pages_200[/]" time="0.010" /><testcase classname="backend.tests.test_admin_refactor" name="test_public_pages_200[/hakkimizda]" time="0.006" /><testcase classname="backend.tests.test_admin_refactor" name="test_public_pages_200[/hizmetler]" time="0.004" /><testcase classname="backend.tests.test_admin_refactor" name="test_public_pages_200[/ekibimiz]" time="0.006" /><testcase classname="backend.tests.test_admin_refactor" name="test_public_pages_200[/galeri]" time="0.004" /><testcase classname="backend.tests.test_admin_refactor" name="test_public_pages_200[/iletisim]" time="0.004" /><testcase classname="backend.tests.test_admin_refactor" name="test_public_pages_200[/randevu]" time="0.007" /><testcase classname="backend.tests.test_admin_refactor" name="test_public_pages_200[/saglik-rehberi]" time="0.004" /><testcase classname="backend.tests.test_admin_refactor" name="test_public_pages_200[/geri-bildirim]" time="0.003" /><testcase classname="backend.tests.test_admin_refactor" name="test_public_iletisim_shows_current_phone" time="0.004" /><testcase classname="backend.tests.test_admin_refactor" name="test_service_laboratuvar_has_related_blog_and_providers" time="0.005" /><testcase classname="backend.tests.test_admin_refactor" name="test_service_page_renders_related_sections" time="0.020" /><testcase classname="backend.tests.test_admin_refactor" name="test_blog_detail_shows_related_services" time="0.021" /><testcase classname="backend.tests.test_admin_refactor" name="test_system_health_endpoint" time="0.008" /><testcase classname="backend.tests.test_admin_refactor" name="test_admin_blog_list" time="0.006" /><testcase classname="backend.tests.test_admin_refactor" name="test_admin_blog_full_lifecycle" time="1.033" /><testcase classname="backend.tests.test_admin_refactor" name="test_message_convert_e2e" time="0.029" /><testcase classname="backend.tests.test_admin_refactor" name="test_zzz_cleanup" time="0.007" /></testsuite></testsuites>